Der Buildvorgang wurde am 15.07.2011 07:08:54 gestartet.
     1>Projekt "D:\Projects\VisualStudio\ModernesC++Design\_if\_if.vcxproj" auf Knoten "2", build Ziel(e).
     1>InitializeBuildStatus:
         "Debug\_if.unsuccessfulbuild" wird erstellt, da "AlwaysCreate" angegeben wurde.
       ClCompile:
         Die Datei "Debug\_if.pch" wird gelöscht.
         C:\Program Files\Microsoft Visual Studio 10.0\VC\bin\CL.exe /c /ZI /nologo /W3 /WX- /Od /Oy- /D WIN32 /D _DEBUG /D _CONSOLE /D _UNICODE /D UNICODE /Gm /EHsc /RTC1 /MDd /GS /fp:precise /Zc:wchar_t /Zc:forScope /Yc"StdAfx.h" /Fp"Debug\_if.pch" /Fo"Debug\\" /Fd"Debug\vc100.pdb" /Gd /TP /analyze- /errorReport:prompt stdafx.cpp
         stdafx.cpp
         C:\Program Files\Microsoft Visual Studio 10.0\VC\bin\CL.exe /c /ZI /nologo /W3 /WX- /Od /Oy- /D WIN32 /D _DEBUG /D _CONSOLE /D _UNICODE /D UNICODE /Gm /EHsc /RTC1 /MDd /GS /fp:precise /Zc:wchar_t /Zc:forScope /Yu"StdAfx.h" /Fp"Debug\_if.pch" /Fo"Debug\\" /Fd"Debug\vc100.pdb" /Gd /TP /analyze- /errorReport:prompt _if.cpp
         _if.cpp
     1>d:\projects\visualstudio\modernesc++design\_if\_if.cpp(66): warning C4805: '==': unsichere Kombination von Typ 'int' mit Typ 'bool' in einer Operation
     1>d:\projects\visualstudio\modernesc++design\_if\_if.cpp(22): warning C4244: 'Argument': Konvertierung von 'float' in 'int', möglicher Datenverlust
                 d:\projects\visualstudio\modernesc++design\_if\_if.cpp(74): Siehe Verweis auf die Instanziierung der gerade kompilierten Funktions-template "void is_same_value_type<int,float>(T,U)".
                 with
                 [
                     T=int,
                     U=float
                 ]
       ManifestResourceCompile:
         C:\Program Files\Microsoft SDKs\Windows\v7.0A\bin\rc.exe /nologo /fo"Debug\_if.exe.embed.manifest.res" Debug\_if_manifest.rc 
       Link:
         C:\Program Files\Microsoft Visual Studio 10.0\VC\bin\link.exe /ERRORREPORT:PROMPT /OUT:"D:\Projects\VisualStudio\ModernesC++Design\Debug\_if.exe" /INCREMENTAL /NOLOGO kernel32.lib user32.lib gdi32.lib winspool.lib comdlg32.lib advapi32.lib shell32.lib ole32.lib oleaut32.lib uuid.lib odbc32.lib odbccp32.lib /MANIFEST /ManifestFile:"Debug\_if.exe.intermediate.manifest" /MANIFESTUAC:"level='asInvoker' uiAccess='false'" /DEBUG /PDB:"D:\Projects\VisualStudio\ModernesC++Design\Debug\_if.pdb" /SUBSYSTEM:CONSOLE /TLBID:1 /DYNAMICBASE /NXCOMPAT /IMPLIB:"D:\Projects\VisualStudio\ModernesC++Design\Debug\_if.lib" /MACHINE:X86 Debug\_if.exe.embed.manifest.res
         Debug\_if.obj
         Debug\stdafx.obj
       Manifest:
         C:\Program Files\Microsoft SDKs\Windows\v7.0A\bin\mt.exe /nologo /verbose /out:"Debug\_if.exe.embed.manifest" /manifest Debug\_if.exe.intermediate.manifest
         C:\Program Files\Microsoft SDKs\Windows\v7.0A\bin\rc.exe /nologo /fo"Debug\_if.exe.embed.manifest.res" Debug\_if_manifest.rc 
       LinkEmbedManifest:
         C:\Program Files\Microsoft Visual Studio 10.0\VC\bin\link.exe /ERRORREPORT:PROMPT /OUT:"D:\Projects\VisualStudio\ModernesC++Design\Debug\_if.exe" /INCREMENTAL /NOLOGO kernel32.lib user32.lib gdi32.lib winspool.lib comdlg32.lib advapi32.lib shell32.lib ole32.lib oleaut32.lib uuid.lib odbc32.lib odbccp32.lib /MANIFEST /ManifestFile:"Debug\_if.exe.intermediate.manifest" /MANIFESTUAC:"level='asInvoker' uiAccess='false'" /DEBUG /PDB:"D:\Projects\VisualStudio\ModernesC++Design\Debug\_if.pdb" /SUBSYSTEM:CONSOLE /TLBID:1 /DYNAMICBASE /NXCOMPAT /IMPLIB:"D:\Projects\VisualStudio\ModernesC++Design\Debug\_if.lib" /MACHINE:X86 Debug\_if.exe.embed.manifest.res
         Debug\_if.obj
         Debug\stdafx.obj
         _if.vcxproj -> D:\Projects\VisualStudio\ModernesC++Design\Debug\_if.exe
       FinalizeBuildStatus:
         Die Datei "Debug\_if.unsuccessfulbuild" wird gelöscht.
         Aktualisieren des Timestamps von "Debug\_if.lastbuildstate".
     1>Die Erstellung des Projekts "D:\Projects\VisualStudio\ModernesC++Design\_if\_if.vcxproj" ist abgeschlossen, build Ziel(e).

Das Erstellen war erfolgreich.

Verstrichene Zeit 00:00:03.67
