Build started 03.11.2012 13:56:18.
Project "Z:\TobisProjekte\Projekte\EigeneProgramme\C++\VisualStudio2010\ModernesC++Design\XMas\XMas.vcxproj" on node 2 (Rebuild target(s)).
ClCompile:
  C:\Program Files (x86)\Microsoft Visual Studio 11.0\VC\bin\CL.exe /c /ZI /nologo /W3 /WX- /Od /Oy- /D WIN32 /D _DEBUG /D _CONSOLE /D _VC80_UPGRADE=0x0710 /D _MBCS /Gm /EHsc /RTC1 /MTd /GS /fp:precise /Zc:wchar_t /Zc:forScope /Yc"stdafx.h" /Fp"Debug\XMas.pch" /Fo"Debug\\" /Fd"Debug\vc110.pdb" /Gd /TP /analyze- /errorReport:prompt stdafx.cpp
  stdafx.cpp
  C:\Program Files (x86)\Microsoft Visual Studio 11.0\VC\bin\CL.exe /c /ZI /nologo /W3 /WX- /Od /Oy- /D WIN32 /D _DEBUG /D _CONSOLE /D _VC80_UPGRADE=0x0710 /D _MBCS /Gm /EHsc /RTC1 /MTd /GS /fp:precise /Zc:wchar_t /Zc:forScope /Yu"stdafx.h" /Fp"Debug\XMas.pch" /Fo"Debug\\" /Fd"Debug\vc110.pdb" /Gd /TP /analyze- /errorReport:prompt XMas.cpp
  XMas.cpp
z:\tobisprojekte\projekte\eigeneprogramme\c++\visualstudio2010\modernesc++design\xmas\xmas.cpp(9): warning C4804: '<' : unsafe use of type 'bool' in operation
z:\tobisprojekte\projekte\eigeneprogramme\c++\visualstudio2010\modernesc++design\xmas\xmas.cpp(9): warning C4129: ';' : unrecognized character escape sequence
z:\tobisprojekte\projekte\eigeneprogramme\c++\visualstudio2010\modernesc++design\xmas\xmas.cpp(9): warning C4129: 'q' : unrecognized character escape sequence
z:\tobisprojekte\projekte\eigeneprogramme\c++\visualstudio2010\modernesc++design\xmas\xmas.cpp(9): warning C4129: ')' : unrecognized character escape sequence
z:\tobisprojekte\projekte\eigeneprogramme\c++\visualstudio2010\modernesc++design\xmas\xmas.cpp(9): warning C4129: 'i' : unrecognized character escape sequence
z:\tobisprojekte\projekte\eigeneprogramme\c++\visualstudio2010\modernesc++design\xmas\xmas.cpp(9): warning C4129: '}' : unrecognized character escape sequence
Link:
  C:\Program Files (x86)\Microsoft Visual Studio 11.0\VC\bin\link.exe /ERRORREPORT:PROMPT /OUT:"Debug\XMas.exe" /INCREMENTAL /NOLOGO kernel32.lib user32.lib gdi32.lib winspool.lib comdlg32.lib advapi32.lib shell32.lib ole32.lib oleaut32.lib uuid.lib odbc32.lib odbccp32.lib /MANIFEST /MANIFESTUAC:"level='asInvoker' uiAccess='false'" /manifest:embed /DEBUG /PDB:"Debug\XMas.pdb" /SUBSYSTEM:CONSOLE /TLBID:1 /DYNAMICBASE:NO /IMPLIB:"Debug\XMas.lib" /MACHINE:X86 /SAFESEH Debug\stdafx.obj
  Debug\XMas.obj
stdafx.obj : warning LNK4075: ignoring '/EDITANDCONTINUE' due to '/SAFESEH' specification
  XMas.vcxproj -> Z:\TobisProjekte\Projekte\EigeneProgramme\C++\VisualStudio2010\ModernesC++Design\XMas\Debug\XMas.exe
Done Building Project "Z:\TobisProjekte\Projekte\EigeneProgramme\C++\VisualStudio2010\ModernesC++Design\XMas\XMas.vcxproj" (Rebuild target(s)).

Build succeeded.

Time Elapsed 00:00:04.40
