D:\PROJECTS\VISUALSTUDIO\MODERNESC++DESIGN\ADVANCE\DEBUG\ADVANCE.PCH
D:\PROJECTS\VISUALSTUDIO\MODERNESC++DESIGN\ADVANCE\DEBUG\STDAFX.OBJ
D:\PROJECTS\VISUALSTUDIO\MODERNESC++DESIGN\ADVANCE\DEBUG\VC100.PDB
D:\PROJECTS\VISUALSTUDIO\MODERNESC++DESIGN\ADVANCE\DEBUG\ADVANCE.OBJ
Z:\TOBISPROJEKTE\PROJEKTE\EIGENEPROGRAMME\C++\VISUALSTUDIO2010\MODERNESC++DESIGN\ADVANCE\DEBUG\ADVANCE.PCH
Z:\TOBISPROJEKTE\PROJEKTE\EIGENEPROGRAMME\C++\VISUALSTUDIO2010\MODERNESC++DESIGN\ADVANCE\DEBUG\STDAFX.OBJ
Z:\TOBISPROJEKTE\PROJEKTE\EIGENEPROGRAMME\C++\VISUALSTUDIO2010\MODERNESC++DESIGN\ADVANCE\DEBUG\VC110.PDB
Z:\TOBISPROJEKTE\PROJEKTE\EIGENEPROGRAMME\C++\VISUALSTUDIO2010\MODERNESC++DESIGN\ADVANCE\DEBUG\ADVANCE.OBJ
D:\PROJECTS\VISUALSTUDIO\MODERNESC++DESIGN\DEBUG\ADVANCE.ILK
D:\PROJECTS\VISUALSTUDIO\MODERNESC++DESIGN\DEBUG\ADVANCE.EXE
D:\PROJECTS\VISUALSTUDIO\MODERNESC++DESIGN\ADVANCE\DEBUG\ADVANCE.EXE.INTERMEDIATE.MANIFEST
D:\PROJECTS\VISUALSTUDIO\MODERNESC++DESIGN\DEBUG\ADVANCE.PDB
D:\PROJECTS\VISUALSTUDIO\MODERNESC++DESIGN\ADVANCE\DEBUG\ADVANCE.EXE.EMBED.MANIFEST
D:\PROJECTS\VISUALSTUDIO\MODERNESC++DESIGN\ADVANCE\DEBUG\ADVANCE.EXE.EMBED.MANIFEST.RES
Z:\TobisProjekte\Projekte\EigeneProgramme\C++\VisualStudio2010\ModernesC++Design\advance\Debug\advance.obj
Z:\TobisProjekte\Projekte\EigeneProgramme\C++\VisualStudio2010\ModernesC++Design\advance\Debug\stdafx.obj
Z:\TobisProjekte\Projekte\EigeneProgramme\C++\VisualStudio2010\ModernesC++Design\advance\Debug\cl.command.1.tlog
Z:\TobisProjekte\Projekte\EigeneProgramme\C++\VisualStudio2010\ModernesC++Design\advance\Debug\cl.read.1.tlog
Z:\TobisProjekte\Projekte\EigeneProgramme\C++\VisualStudio2010\ModernesC++Design\advance\Debug\cl.write.1.tlog
Z:\TobisProjekte\Projekte\EigeneProgramme\C++\VisualStudio2010\ModernesC++Design\advance\Debug\link-cvtres.read.1.tlog
Z:\TobisProjekte\Projekte\EigeneProgramme\C++\VisualStudio2010\ModernesC++Design\advance\Debug\link-cvtres.write.1.tlog
Z:\TobisProjekte\Projekte\EigeneProgramme\C++\VisualStudio2010\ModernesC++Design\advance\Debug\link-rc.read.1.tlog
Z:\TobisProjekte\Projekte\EigeneProgramme\C++\VisualStudio2010\ModernesC++Design\advance\Debug\link-rc.write.1.tlog
Z:\TobisProjekte\Projekte\EigeneProgramme\C++\VisualStudio2010\ModernesC++Design\advance\Debug\link.1344-cvtres.read.1.tlog
Z:\TobisProjekte\Projekte\EigeneProgramme\C++\VisualStudio2010\ModernesC++Design\advance\Debug\link.1344-cvtres.write.1.tlog
Z:\TobisProjekte\Projekte\EigeneProgramme\C++\VisualStudio2010\ModernesC++Design\advance\Debug\link.1344.read.1.tlog
Z:\TobisProjekte\Projekte\EigeneProgramme\C++\VisualStudio2010\ModernesC++Design\advance\Debug\link.1344.write.1.tlog
Z:\TobisProjekte\Projekte\EigeneProgramme\C++\VisualStudio2010\ModernesC++Design\advance\Debug\link.1400-cvtres.read.1.tlog
Z:\TobisProjekte\Projekte\EigeneProgramme\C++\VisualStudio2010\ModernesC++Design\advance\Debug\link.1400-cvtres.write.1.tlog
Z:\TobisProjekte\Projekte\EigeneProgramme\C++\VisualStudio2010\ModernesC++Design\advance\Debug\link.1400.read.1.tlog
Z:\TobisProjekte\Projekte\EigeneProgramme\C++\VisualStudio2010\ModernesC++Design\advance\Debug\link.1400.write.1.tlog
Z:\TobisProjekte\Projekte\EigeneProgramme\C++\VisualStudio2010\ModernesC++Design\advance\Debug\link.1516-cvtres.read.1.tlog
Z:\TobisProjekte\Projekte\EigeneProgramme\C++\VisualStudio2010\ModernesC++Design\advance\Debug\link.1516-cvtres.write.1.tlog
Z:\TobisProjekte\Projekte\EigeneProgramme\C++\VisualStudio2010\ModernesC++Design\advance\Debug\link.1516.read.1.tlog
Z:\TobisProjekte\Projekte\EigeneProgramme\C++\VisualStudio2010\ModernesC++Design\advance\Debug\link.1516.write.1.tlog
Z:\TobisProjekte\Projekte\EigeneProgramme\C++\VisualStudio2010\ModernesC++Design\advance\Debug\link.1712-cvtres.read.1.tlog
Z:\TobisProjekte\Projekte\EigeneProgramme\C++\VisualStudio2010\ModernesC++Design\advance\Debug\link.1712-cvtres.write.1.tlog
Z:\TobisProjekte\Projekte\EigeneProgramme\C++\VisualStudio2010\ModernesC++Design\advance\Debug\link.1712.read.1.tlog
Z:\TobisProjekte\Projekte\EigeneProgramme\C++\VisualStudio2010\ModernesC++Design\advance\Debug\link.1712.write.1.tlog
Z:\TobisProjekte\Projekte\EigeneProgramme\C++\VisualStudio2010\ModernesC++Design\advance\Debug\link.3080-cvtres.read.1.tlog
Z:\TobisProjekte\Projekte\EigeneProgramme\C++\VisualStudio2010\ModernesC++Design\advance\Debug\link.3080-cvtres.write.1.tlog
Z:\TobisProjekte\Projekte\EigeneProgramme\C++\VisualStudio2010\ModernesC++Design\advance\Debug\link.3080.read.1.tlog
Z:\TobisProjekte\Projekte\EigeneProgramme\C++\VisualStudio2010\ModernesC++Design\advance\Debug\link.3080.write.1.tlog
Z:\TobisProjekte\Projekte\EigeneProgramme\C++\VisualStudio2010\ModernesC++Design\advance\Debug\link.4068-cvtres.read.1.tlog
Z:\TobisProjekte\Projekte\EigeneProgramme\C++\VisualStudio2010\ModernesC++Design\advance\Debug\link.4068-cvtres.write.1.tlog
Z:\TobisProjekte\Projekte\EigeneProgramme\C++\VisualStudio2010\ModernesC++Design\advance\Debug\link.4068.read.1.tlog
Z:\TobisProjekte\Projekte\EigeneProgramme\C++\VisualStudio2010\ModernesC++Design\advance\Debug\link.4068.write.1.tlog
Z:\TobisProjekte\Projekte\EigeneProgramme\C++\VisualStudio2010\ModernesC++Design\advance\Debug\link.4208-cvtres.read.1.tlog
Z:\TobisProjekte\Projekte\EigeneProgramme\C++\VisualStudio2010\ModernesC++Design\advance\Debug\link.4208-cvtres.write.1.tlog
Z:\TobisProjekte\Projekte\EigeneProgramme\C++\VisualStudio2010\ModernesC++Design\advance\Debug\link.4208.read.1.tlog
Z:\TobisProjekte\Projekte\EigeneProgramme\C++\VisualStudio2010\ModernesC++Design\advance\Debug\link.4208.write.1.tlog
Z:\TobisProjekte\Projekte\EigeneProgramme\C++\VisualStudio2010\ModernesC++Design\advance\Debug\link.4508-cvtres.read.1.tlog
Z:\TobisProjekte\Projekte\EigeneProgramme\C++\VisualStudio2010\ModernesC++Design\advance\Debug\link.4508-cvtres.write.1.tlog
Z:\TobisProjekte\Projekte\EigeneProgramme\C++\VisualStudio2010\ModernesC++Design\advance\Debug\link.4508.read.1.tlog
Z:\TobisProjekte\Projekte\EigeneProgramme\C++\VisualStudio2010\ModernesC++Design\advance\Debug\link.4508.write.1.tlog
Z:\TobisProjekte\Projekte\EigeneProgramme\C++\VisualStudio2010\ModernesC++Design\advance\Debug\link.4652-cvtres.read.1.tlog
Z:\TobisProjekte\Projekte\EigeneProgramme\C++\VisualStudio2010\ModernesC++Design\advance\Debug\link.4652-cvtres.write.1.tlog
Z:\TobisProjekte\Projekte\EigeneProgramme\C++\VisualStudio2010\ModernesC++Design\advance\Debug\link.4652.read.1.tlog
Z:\TobisProjekte\Projekte\EigeneProgramme\C++\VisualStudio2010\ModernesC++Design\advance\Debug\link.4652.write.1.tlog
Z:\TobisProjekte\Projekte\EigeneProgramme\C++\VisualStudio2010\ModernesC++Design\advance\Debug\link.4660-cvtres.read.1.tlog
Z:\TobisProjekte\Projekte\EigeneProgramme\C++\VisualStudio2010\ModernesC++Design\advance\Debug\link.4660-cvtres.write.1.tlog
Z:\TobisProjekte\Projekte\EigeneProgramme\C++\VisualStudio2010\ModernesC++Design\advance\Debug\link.4660.read.1.tlog
Z:\TobisProjekte\Projekte\EigeneProgramme\C++\VisualStudio2010\ModernesC++Design\advance\Debug\link.4660.write.1.tlog
Z:\TobisProjekte\Projekte\EigeneProgramme\C++\VisualStudio2010\ModernesC++Design\advance\Debug\link.5132-cvtres.read.1.tlog
Z:\TobisProjekte\Projekte\EigeneProgramme\C++\VisualStudio2010\ModernesC++Design\advance\Debug\link.5132-cvtres.write.1.tlog
Z:\TobisProjekte\Projekte\EigeneProgramme\C++\VisualStudio2010\ModernesC++Design\advance\Debug\link.5132.read.1.tlog
Z:\TobisProjekte\Projekte\EigeneProgramme\C++\VisualStudio2010\ModernesC++Design\advance\Debug\link.5132.write.1.tlog
Z:\TobisProjekte\Projekte\EigeneProgramme\C++\VisualStudio2010\ModernesC++Design\advance\Debug\link.5204-cvtres.read.1.tlog
Z:\TobisProjekte\Projekte\EigeneProgramme\C++\VisualStudio2010\ModernesC++Design\advance\Debug\link.5204-cvtres.write.1.tlog
Z:\TobisProjekte\Projekte\EigeneProgramme\C++\VisualStudio2010\ModernesC++Design\advance\Debug\link.5204.read.1.tlog
Z:\TobisProjekte\Projekte\EigeneProgramme\C++\VisualStudio2010\ModernesC++Design\advance\Debug\link.5204.write.1.tlog
Z:\TobisProjekte\Projekte\EigeneProgramme\C++\VisualStudio2010\ModernesC++Design\advance\Debug\link.5424-cvtres.read.1.tlog
Z:\TobisProjekte\Projekte\EigeneProgramme\C++\VisualStudio2010\ModernesC++Design\advance\Debug\link.5424-cvtres.write.1.tlog
Z:\TobisProjekte\Projekte\EigeneProgramme\C++\VisualStudio2010\ModernesC++Design\advance\Debug\link.5424.read.1.tlog
Z:\TobisProjekte\Projekte\EigeneProgramme\C++\VisualStudio2010\ModernesC++Design\advance\Debug\link.5424.write.1.tlog
Z:\TobisProjekte\Projekte\EigeneProgramme\C++\VisualStudio2010\ModernesC++Design\advance\Debug\link.5472-cvtres.read.1.tlog
Z:\TobisProjekte\Projekte\EigeneProgramme\C++\VisualStudio2010\ModernesC++Design\advance\Debug\link.5472-cvtres.write.1.tlog
Z:\TobisProjekte\Projekte\EigeneProgramme\C++\VisualStudio2010\ModernesC++Design\advance\Debug\link.5472.read.1.tlog
Z:\TobisProjekte\Projekte\EigeneProgramme\C++\VisualStudio2010\ModernesC++Design\advance\Debug\link.5472.write.1.tlog
Z:\TobisProjekte\Projekte\EigeneProgramme\C++\VisualStudio2010\ModernesC++Design\advance\Debug\link.5704-cvtres.read.1.tlog
Z:\TobisProjekte\Projekte\EigeneProgramme\C++\VisualStudio2010\ModernesC++Design\advance\Debug\link.5704-cvtres.write.1.tlog
Z:\TobisProjekte\Projekte\EigeneProgramme\C++\VisualStudio2010\ModernesC++Design\advance\Debug\link.5704.read.1.tlog
Z:\TobisProjekte\Projekte\EigeneProgramme\C++\VisualStudio2010\ModernesC++Design\advance\Debug\link.5704.write.1.tlog
Z:\TobisProjekte\Projekte\EigeneProgramme\C++\VisualStudio2010\ModernesC++Design\advance\Debug\link.5924-cvtres.read.1.tlog
Z:\TobisProjekte\Projekte\EigeneProgramme\C++\VisualStudio2010\ModernesC++Design\advance\Debug\link.5924-cvtres.write.1.tlog
Z:\TobisProjekte\Projekte\EigeneProgramme\C++\VisualStudio2010\ModernesC++Design\advance\Debug\link.5924.read.1.tlog
Z:\TobisProjekte\Projekte\EigeneProgramme\C++\VisualStudio2010\ModernesC++Design\advance\Debug\link.5924.write.1.tlog
Z:\TobisProjekte\Projekte\EigeneProgramme\C++\VisualStudio2010\ModernesC++Design\advance\Debug\link.command.1.tlog
Z:\TobisProjekte\Projekte\EigeneProgramme\C++\VisualStudio2010\ModernesC++Design\advance\Debug\link.read.1.tlog
Z:\TobisProjekte\Projekte\EigeneProgramme\C++\VisualStudio2010\ModernesC++Design\advance\Debug\link.write.1.tlog
Z:\TobisProjekte\Projekte\EigeneProgramme\C++\VisualStudio2010\ModernesC++Design\advance\Debug\mt.command.1.tlog
Z:\TobisProjekte\Projekte\EigeneProgramme\C++\VisualStudio2010\ModernesC++Design\advance\Debug\mt.read.1.tlog
Z:\TobisProjekte\Projekte\EigeneProgramme\C++\VisualStudio2010\ModernesC++Design\advance\Debug\mt.write.1.tlog
Z:\TobisProjekte\Projekte\EigeneProgramme\C++\VisualStudio2010\ModernesC++Design\advance\Debug\rc.command.1.tlog
Z:\TobisProjekte\Projekte\EigeneProgramme\C++\VisualStudio2010\ModernesC++Design\advance\Debug\rc.read.1.tlog
Z:\TobisProjekte\Projekte\EigeneProgramme\C++\VisualStudio2010\ModernesC++Design\advance\Debug\rc.write.1.tlog
Z:\TobisProjekte\Projekte\EigeneProgramme\C++\VisualStudio2010\ModernesC++Design\advance\Debug\advance.exe.embed.manifest
Z:\TobisProjekte\Projekte\EigeneProgramme\C++\VisualStudio2010\ModernesC++Design\advance\Debug\advance.exe.intermediate.manifest
Z:\TobisProjekte\Projekte\EigeneProgramme\C++\VisualStudio2010\ModernesC++Design\advance\Debug\advance.exe.embed.manifest.res
Z:\TobisProjekte\Projekte\EigeneProgramme\C++\VisualStudio2010\ModernesC++Design\advance\Debug\advance.pch
Z:\TobisProjekte\Projekte\EigeneProgramme\C++\VisualStudio2010\ModernesC++Design\advance\Debug\vc100.idb
Z:\TobisProjekte\Projekte\EigeneProgramme\C++\VisualStudio2010\ModernesC++Design\advance\Debug\vc110.idb
Z:\TobisProjekte\Projekte\EigeneProgramme\C++\VisualStudio2010\ModernesC++Design\advance\Debug\vc100.pdb
Z:\TobisProjekte\Projekte\EigeneProgramme\C++\VisualStudio2010\ModernesC++Design\advance\Debug\vc110.pdb
Z:\TobisProjekte\Projekte\EigeneProgramme\C++\VisualStudio2010\ModernesC++Design\advance\Debug\advance_manifest.rc
Z:\TobisProjekte\Projekte\EigeneProgramme\C++\VisualStudio2010\ModernesC++Design\Debug\advance.pdb
