Z:\TOBISPROJEKTE\PROJEKTE\EIGENEPROGRAMME\C++\VISUALSTUDIO2010\MODERNESC++DESIGN\THE_DESCRIPTOR\DEBUG\VC110.PDB
Z:\TOBISPROJEKTE\PROJEKTE\EIGENEPROGRAMME\C++\VISUALSTUDIO2010\MODERNESC++DESIGN\THE_DESCRIPTOR\DEBUG\THE_DESCRIPTOR.OBJ
Z:\TOBISPROJEKTE\PROJEKTE\EIGENEPROGRAMME\C++\VISUALSTUDIO2010\MODERNESC++DESIGN\THE_DESCRIPTOR\DEBUG\COMPONENTKIND.OBJ
Z:\TOBISPROJEKTE\PROJEKTE\EIGENEPROGRAMME\C++\VISUALSTUDIO2010\MODERNESC++DESIGN\THE_DESCRIPTOR\DEBUG\IDENTIFIER.OBJ
Z:\TOBISPROJEKTE\PROJEKTE\EIGENEPROGRAMME\C++\VISUALSTUDIO2010\MODERNESC++DESIGN\DEBUG\THE_DESCRIPTOR.ILK
Z:\TOBISPROJEKTE\PROJEKTE\EIGENEPROGRAMME\C++\VISUALSTUDIO2010\MODERNESC++DESIGN\DEBUG\THE_DESCRIPTOR.EXE
Z:\TOBISPROJEKTE\PROJEKTE\EIGENEPROGRAMME\C++\VISUALSTUDIO2010\MODERNESC++DESIGN\DEBUG\THE_DESCRIPTOR.PDB
Z:\TobisProjekte\Projekte\EigeneProgramme\C++\VisualStudio2010\ModernesC++Design\the_descriptor\Debug\ComponentKind.obj
Z:\TobisProjekte\Projekte\EigeneProgramme\C++\VisualStudio2010\ModernesC++Design\the_descriptor\Debug\Identifier.obj
Z:\TobisProjekte\Projekte\EigeneProgramme\C++\VisualStudio2010\ModernesC++Design\the_descriptor\Debug\stdafx.obj
Z:\TobisProjekte\Projekte\EigeneProgramme\C++\VisualStudio2010\ModernesC++Design\the_descriptor\Debug\the_descriptor.obj
Z:\TobisProjekte\Projekte\EigeneProgramme\C++\VisualStudio2010\ModernesC++Design\the_descriptor\Debug\cl.command.1.tlog
Z:\TobisProjekte\Projekte\EigeneProgramme\C++\VisualStudio2010\ModernesC++Design\the_descriptor\Debug\cl.read.1.tlog
Z:\TobisProjekte\Projekte\EigeneProgramme\C++\VisualStudio2010\ModernesC++Design\the_descriptor\Debug\cl.write.1.tlog
Z:\TobisProjekte\Projekte\EigeneProgramme\C++\VisualStudio2010\ModernesC++Design\the_descriptor\Debug\link-cvtres.read.1.tlog
Z:\TobisProjekte\Projekte\EigeneProgramme\C++\VisualStudio2010\ModernesC++Design\the_descriptor\Debug\link-cvtres.write.1.tlog
Z:\TobisProjekte\Projekte\EigeneProgramme\C++\VisualStudio2010\ModernesC++Design\the_descriptor\Debug\link-rc.read.1.tlog
Z:\TobisProjekte\Projekte\EigeneProgramme\C++\VisualStudio2010\ModernesC++Design\the_descriptor\Debug\link-rc.write.1.tlog
Z:\TobisProjekte\Projekte\EigeneProgramme\C++\VisualStudio2010\ModernesC++Design\the_descriptor\Debug\link.command.1.tlog
Z:\TobisProjekte\Projekte\EigeneProgramme\C++\VisualStudio2010\ModernesC++Design\the_descriptor\Debug\link.read.1.tlog
Z:\TobisProjekte\Projekte\EigeneProgramme\C++\VisualStudio2010\ModernesC++Design\the_descriptor\Debug\link.write.1.tlog
Z:\TobisProjekte\Projekte\EigeneProgramme\C++\VisualStudio2010\ModernesC++Design\the_descriptor\Debug\the_descriptor.pch
Z:\TobisProjekte\Projekte\EigeneProgramme\C++\VisualStudio2010\ModernesC++Design\the_descriptor\Debug\vc110.idb
Z:\TobisProjekte\Projekte\EigeneProgramme\C++\VisualStudio2010\ModernesC++Design\the_descriptor\Debug\vc110.pdb
Z:\TobisProjekte\Projekte\EigeneProgramme\C++\VisualStudio2010\ModernesC++Design\Debug\the_descriptor.pdb
Z:\TobisProjekte\Projekte\EigeneProgramme\C++\VisualStudio2010\ModernesC++Design\Debug\the_descriptor.exe
Z:\TobisProjekte\Projekte\EigeneProgramme\C++\VisualStudio2010\ModernesC++Design\Debug\the_descriptor.ilk
