D:\Projects\VisualStudio\ModernesC++Design\Debug\rvalue_references.pdb
D:\PROJECTS\VISUALSTUDIO\MODERNESC++DESIGN\RVALUE_REFERENCES\DEBUG\ADDRESS.OBJ
D:\PROJECTS\VISUALSTUDIO\MODERNESC++DESIGN\RVALUE_REFERENCES\DEBUG\ADDRESSBOOK.OBJ
D:\Projects\VisualStudio\ModernesC++Design\rvalue_references\Debug\cl.command.1.tlog
D:\Projects\VisualStudio\ModernesC++Design\rvalue_references\Debug\CL.read.1.tlog
D:\Projects\VisualStudio\ModernesC++Design\rvalue_references\Debug\CL.write.1.tlog
D:\Projects\VisualStudio\ModernesC++Design\rvalue_references\Debug\link.3280.read.1.tlog
D:\Projects\VisualStudio\ModernesC++Design\rvalue_references\Debug\link.3280.write.1.tlog
D:\Projects\VisualStudio\ModernesC++Design\rvalue_references\Debug\link.3280-cvtres.read.1.tlog
D:\Projects\VisualStudio\ModernesC++Design\rvalue_references\Debug\link.3280-cvtres.write.1.tlog
D:\Projects\VisualStudio\ModernesC++Design\rvalue_references\Debug\link.4352.read.1.tlog
D:\Projects\VisualStudio\ModernesC++Design\rvalue_references\Debug\link.4352.write.1.tlog
D:\Projects\VisualStudio\ModernesC++Design\rvalue_references\Debug\link.4352-cvtres.read.1.tlog
D:\Projects\VisualStudio\ModernesC++Design\rvalue_references\Debug\link.4352-cvtres.write.1.tlog
D:\Projects\VisualStudio\ModernesC++Design\rvalue_references\Debug\link.command.1.tlog
D:\Projects\VisualStudio\ModernesC++Design\rvalue_references\Debug\link.read.1.tlog
D:\Projects\VisualStudio\ModernesC++Design\rvalue_references\Debug\link.write.1.tlog
D:\Projects\VisualStudio\ModernesC++Design\rvalue_references\Debug\link-cvtres.read.1.tlog
D:\Projects\VisualStudio\ModernesC++Design\rvalue_references\Debug\link-cvtres.write.1.tlog
D:\Projects\VisualStudio\ModernesC++Design\rvalue_references\Debug\mt.command.1.tlog
D:\Projects\VisualStudio\ModernesC++Design\rvalue_references\Debug\mt.read.1.tlog
D:\Projects\VisualStudio\ModernesC++Design\rvalue_references\Debug\mt.write.1.tlog
D:\Projects\VisualStudio\ModernesC++Design\rvalue_references\Debug\rc.command.1.tlog
D:\Projects\VisualStudio\ModernesC++Design\rvalue_references\Debug\rc.read.1.tlog
D:\Projects\VisualStudio\ModernesC++Design\rvalue_references\Debug\rc.write.1.tlog
D:\PROJECTS\VISUALSTUDIO\MODERNESC++DESIGN\RVALUE_REFERENCES\DEBUG\RVALUE_REFERENCES.EXE.EMBED.MANIFEST
D:\PROJECTS\VISUALSTUDIO\MODERNESC++DESIGN\RVALUE_REFERENCES\DEBUG\RVALUE_REFERENCES.EXE.EMBED.MANIFEST.RES
D:\Projects\VisualStudio\ModernesC++Design\rvalue_references\Debug\rvalue_references.exe.intermediate.manifest
D:\PROJECTS\VISUALSTUDIO\MODERNESC++DESIGN\RVALUE_REFERENCES\DEBUG\RVALUE_REFERENCES.OBJ
D:\PROJECTS\VISUALSTUDIO\MODERNESC++DESIGN\RVALUE_REFERENCES\DEBUG\RVALUE_REFERENCES.PCH
D:\Projects\VisualStudio\ModernesC++Design\rvalue_references\Debug\rvalue_references_manifest.rc
D:\PROJECTS\VISUALSTUDIO\MODERNESC++DESIGN\RVALUE_REFERENCES\DEBUG\STDAFX.OBJ
D:\Projects\VisualStudio\ModernesC++Design\rvalue_references\Debug\vc100.idb
D:\PROJECTS\VISUALSTUDIO\MODERNESC++DESIGN\RVALUE_REFERENCES\DEBUG\VC100.PDB
